<?xml version="1.0" encoding="UTF-8"?>
<!-- Generated by org.testng.reporters.JUnitReportReporter -->
<testsuite hostname="19CYFG3" failures="0" tests="4" name="files.DynamicJson" time="3.034" errors="0" timestamp="2022-06-13T15:53:56 IST" skipped="0">
  <testcase classname="files.DynamicJson" name="AddBook" time="0.313"/>
  <system-out/>
  <testcase classname="files.DynamicJson" name="AddBook" time="1.977"/>
  <system-out/>
  <testcase classname="files.DynamicJson" name="AddBook" time="0.422"/>
  <system-out/>
  <testcase classname="files.DynamicJson" name="AddBook" time="0.322"/>
  <system-out/>
</testsuite> <!-- files.DynamicJson -->
